2019-07-05 2:13:07 - PHP Warning:  unlink(/var/www/html/sharma/system/storage/cache/cache.admin.language.1545991256): Operation not permitted in /var/www/html/sharma/system/library/cache/file.php on line 17
2019-07-05 2:13:07 - PHP Warning:  unlink(/var/www/html/sharma/system/storage/cache/cache.catalog.language.1545991967): Operation not permitted in /var/www/html/sharma/system/library/cache/file.php on line 17
2019-07-05 2:13:07 - PHP Warning:  unlink(/var/www/html/sharma/system/storage/cache/cache.cmsblock.1.1545988971): Operation not permitted in /var/www/html/sharma/system/library/cache/file.php on line 17
2019-07-05 2:13:07 - PHP Warning:  unlink(/var/www/html/sharma/system/storage/cache/cache.cmsblock.13.1545991908): Operation not permitted in /var/www/html/sharma/system/library/cache/file.php on line 17
2019-07-05 2:13:07 - PHP Warning:  unlink(/var/www/html/sharma/system/storage/cache/cache.currency.1545991962): Operation not permitted in /var/www/html/sharma/system/library/cache/file.php on line 17
2019-07-05 2:13:07 - PHP Warning:  unlink(/var/www/html/sharma/system/storage/cache/cache.manufacturer.0.1545989706): Operation not permitted in /var/www/html/sharma/system/library/cache/file.php on line 17
2019-07-05 2:13:07 - PHP Warning:  unlink(/var/www/html/sharma/system/storage/cache/cache.product.bestseller.1.0.1.12.1545991902): Operation not permitted in /var/www/html/sharma/system/library/cache/file.php on line 17
2019-07-05 2:13:07 - PHP Warning:  unlink(/var/www/html/sharma/system/storage/cache/cache.product.bestseller.13.0.1.12.1545991909): Operation not permitted in /var/www/html/sharma/system/library/cache/file.php on line 17
2019-07-05 2:13:07 - PHP Warning:  unlink(/var/www/html/sharma/system/storage/cache/cache.return_reason.1.1545989324): Operation not permitted in /var/www/html/sharma/system/library/cache/file.php on line 17
2019-07-05 2:13:07 - PHP Warning:  unlink(/var/www/html/sharma/system/storage/cache/cache.store.1545988872): Operation not permitted in /var/www/html/sharma/system/library/cache/file.php on line 17
2019-07-05 2:13:07 - PHP Warning:  unlink(/var/www/html/sharma/system/storage/cache/cache.tax_class.1545990335): Operation not permitted in /var/www/html/sharma/system/library/cache/file.php on line 17
2019-07-05 2:13:55 - PHP Warning:  unlink(/var/www/html/sharma/system/storage/cache/cache.admin.language.1545991256): Operation not permitted in /var/www/html/sharma/system/library/cache/file.php on line 17
2019-07-05 2:13:55 - PHP Warning:  unlink(/var/www/html/sharma/system/storage/cache/cache.catalog.language.1545991967): Operation not permitted in /var/www/html/sharma/system/library/cache/file.php on line 17
2019-07-05 2:13:55 - PHP Warning:  unlink(/var/www/html/sharma/system/storage/cache/cache.cmsblock.1.1545988971): Operation not permitted in /var/www/html/sharma/system/library/cache/file.php on line 17
2019-07-05 2:13:55 - PHP Warning:  unlink(/var/www/html/sharma/system/storage/cache/cache.cmsblock.13.1545991908): Operation not permitted in /var/www/html/sharma/system/library/cache/file.php on line 17
2019-07-05 2:13:55 - PHP Warning:  unlink(/var/www/html/sharma/system/storage/cache/cache.currency.1545991962): Operation not permitted in /var/www/html/sharma/system/library/cache/file.php on line 17
2019-07-05 2:13:55 - PHP Warning:  unlink(/var/www/html/sharma/system/storage/cache/cache.manufacturer.0.1545989706): Operation not permitted in /var/www/html/sharma/system/library/cache/file.php on line 17
2019-07-05 2:13:55 - PHP Warning:  unlink(/var/www/html/sharma/system/storage/cache/cache.product.bestseller.1.0.1.12.1545991902): Operation not permitted in /var/www/html/sharma/system/library/cache/file.php on line 17
2019-07-05 2:13:55 - PHP Warning:  unlink(/var/www/html/sharma/system/storage/cache/cache.product.bestseller.13.0.1.12.1545991909): Operation not permitted in /var/www/html/sharma/system/library/cache/file.php on line 17
2019-07-05 2:13:55 - PHP Warning:  unlink(/var/www/html/sharma/system/storage/cache/cache.return_reason.1.1545989324): Operation not permitted in /var/www/html/sharma/system/library/cache/file.php on line 17
2019-07-05 2:13:55 - PHP Warning:  unlink(/var/www/html/sharma/system/storage/cache/cache.store.1545988872): Operation not permitted in /var/www/html/sharma/system/library/cache/file.php on line 17
2019-07-05 2:13:55 - PHP Warning:  unlink(/var/www/html/sharma/system/storage/cache/cache.tax_class.1545990335): Operation not permitted in /var/www/html/sharma/system/library/cache/file.php on line 17
2019-07-05 2:14:10 - PHP Warning:  unlink(/var/www/html/sharma/system/storage/cache/cache.admin.language.1545991256): Operation not permitted in /var/www/html/sharma/system/library/cache/file.php on line 17
2019-07-05 2:14:10 - PHP Warning:  unlink(/var/www/html/sharma/system/storage/cache/cache.catalog.language.1545991967): Operation not permitted in /var/www/html/sharma/system/library/cache/file.php on line 17
2019-07-05 2:14:10 - PHP Warning:  unlink(/var/www/html/sharma/system/storage/cache/cache.cmsblock.1.1545988971): Operation not permitted in /var/www/html/sharma/system/library/cache/file.php on line 17
2019-07-05 2:14:10 - PHP Warning:  unlink(/var/www/html/sharma/system/storage/cache/cache.cmsblock.13.1545991908): Operation not permitted in /var/www/html/sharma/system/library/cache/file.php on line 17
2019-07-05 2:14:10 - PHP Warning:  unlink(/var/www/html/sharma/system/storage/cache/cache.currency.1545991962): Operation not permitted in /var/www/html/sharma/system/library/cache/file.php on line 17
2019-07-05 2:14:10 - PHP Warning:  unlink(/var/www/html/sharma/system/storage/cache/cache.manufacturer.0.1545989706): Operation not permitted in /var/www/html/sharma/system/library/cache/file.php on line 17
2019-07-05 2:14:10 - PHP Warning:  unlink(/var/www/html/sharma/system/storage/cache/cache.product.bestseller.1.0.1.12.1545991902): Operation not permitted in /var/www/html/sharma/system/library/cache/file.php on line 17
2019-07-05 2:14:10 - PHP Warning:  unlink(/var/www/html/sharma/system/storage/cache/cache.product.bestseller.13.0.1.12.1545991909): Operation not permitted in /var/www/html/sharma/system/library/cache/file.php on line 17
2019-07-05 2:14:10 - PHP Warning:  unlink(/var/www/html/sharma/system/storage/cache/cache.return_reason.1.1545989324): Operation not permitted in /var/www/html/sharma/system/library/cache/file.php on line 17
2019-07-05 2:14:10 - PHP Warning:  unlink(/var/www/html/sharma/system/storage/cache/cache.store.1545988872): Operation not permitted in /var/www/html/sharma/system/library/cache/file.php on line 17
2019-07-05 2:14:10 - PHP Warning:  unlink(/var/www/html/sharma/system/storage/cache/cache.tax_class.1545990335): Operation not permitted in /var/www/html/sharma/system/library/cache/file.php on line 17
2019-07-05 2:15:00 - PHP Warning:  unlink(/var/www/html/sharma/system/storage/cache/cache.admin.language.1545991256): Operation not permitted in /var/www/html/sharma/system/library/cache/file.php on line 17
2019-07-05 2:15:00 - PHP Warning:  unlink(/var/www/html/sharma/system/storage/cache/cache.catalog.language.1545991967): Operation not permitted in /var/www/html/sharma/system/library/cache/file.php on line 17
2019-07-05 2:15:00 - PHP Warning:  unlink(/var/www/html/sharma/system/storage/cache/cache.cmsblock.1.1545988971): Operation not permitted in /var/www/html/sharma/system/library/cache/file.php on line 17
2019-07-05 2:15:00 - PHP Warning:  unlink(/var/www/html/sharma/system/storage/cache/cache.cmsblock.13.1545991908): Operation not permitted in /var/www/html/sharma/system/library/cache/file.php on line 17
2019-07-05 2:15:00 - PHP Warning:  unlink(/var/www/html/sharma/system/storage/cache/cache.currency.1545991962): Operation not permitted in /var/www/html/sharma/system/library/cache/file.php on line 17
2019-07-05 2:15:00 - PHP Warning:  unlink(/var/www/html/sharma/system/storage/cache/cache.manufacturer.0.1545989706): Operation not permitted in /var/www/html/sharma/system/library/cache/file.php on line 17
2019-07-05 2:15:00 - PHP Warning:  unlink(/var/www/html/sharma/system/storage/cache/cache.product.bestseller.1.0.1.12.1545991902): Operation not permitted in /var/www/html/sharma/system/library/cache/file.php on line 17
2019-07-05 2:15:00 - PHP Warning:  unlink(/var/www/html/sharma/system/storage/cache/cache.product.bestseller.13.0.1.12.1545991909): Operation not permitted in /var/www/html/sharma/system/library/cache/file.php on line 17
2019-07-05 2:15:00 - PHP Warning:  unlink(/var/www/html/sharma/system/storage/cache/cache.return_reason.1.1545989324): Operation not permitted in /var/www/html/sharma/system/library/cache/file.php on line 17
2019-07-05 2:15:00 - PHP Warning:  unlink(/var/www/html/sharma/system/storage/cache/cache.store.1545988872): Operation not permitted in /var/www/html/sharma/system/library/cache/file.php on line 17
2019-07-05 2:15:00 - PHP Warning:  unlink(/var/www/html/sharma/system/storage/cache/cache.tax_class.1545990335): Operation not permitted in /var/www/html/sharma/system/library/cache/file.php on line 17
2019-07-05 2:39:42 - PHP Warning:  unlink(/var/www/html/sharma/system/storage/cache/cache.admin.language.1545991256): Operation not permitted in /var/www/html/sharma/system/library/cache/file.php on line 17
2019-07-05 2:39:42 - PHP Warning:  unlink(/var/www/html/sharma/system/storage/cache/cache.catalog.language.1545991967): Operation not permitted in /var/www/html/sharma/system/library/cache/file.php on line 17
2019-07-05 2:39:42 - PHP Warning:  unlink(/var/www/html/sharma/system/storage/cache/cache.cmsblock.1.1545988971): Operation not permitted in /var/www/html/sharma/system/library/cache/file.php on line 17
2019-07-05 2:39:42 - PHP Warning:  unlink(/var/www/html/sharma/system/storage/cache/cache.cmsblock.13.1545991908): Operation not permitted in /var/www/html/sharma/system/library/cache/file.php on line 17
2019-07-05 2:39:42 - PHP Warning:  unlink(/var/www/html/sharma/system/storage/cache/cache.currency.1545991962): Operation not permitted in /var/www/html/sharma/system/library/cache/file.php on line 17
2019-07-05 2:39:42 - PHP Warning:  unlink(/var/www/html/sharma/system/storage/cache/cache.manufacturer.0.1545989706): Operation not permitted in /var/www/html/sharma/system/library/cache/file.php on line 17
2019-07-05 2:39:42 - PHP Warning:  unlink(/var/www/html/sharma/system/storage/cache/cache.product.bestseller.1.0.1.12.1545991902): Operation not permitted in /var/www/html/sharma/system/library/cache/file.php on line 17
2019-07-05 2:39:42 - PHP Warning:  unlink(/var/www/html/sharma/system/storage/cache/cache.product.bestseller.13.0.1.12.1545991909): Operation not permitted in /var/www/html/sharma/system/library/cache/file.php on line 17
2019-07-05 2:39:42 - PHP Warning:  unlink(/var/www/html/sharma/system/storage/cache/cache.return_reason.1.1545989324): Operation not permitted in /var/www/html/sharma/system/library/cache/file.php on line 17
2019-07-05 2:39:42 - PHP Warning:  unlink(/var/www/html/sharma/system/storage/cache/cache.store.1545988872): Operation not permitted in /var/www/html/sharma/system/library/cache/file.php on line 17
2019-07-05 2:39:42 - PHP Warning:  unlink(/var/www/html/sharma/system/storage/cache/cache.tax_class.1545990335): Operation not permitted in /var/www/html/sharma/system/library/cache/file.php on line 17
2019-07-05 2:39:43 - PHP Warning:  unlink(/var/www/html/sharma/system/storage/cache/cache.admin.language.1545991256): Operation not permitted in /var/www/html/sharma/system/library/cache/file.php on line 17
2019-07-05 2:39:43 - PHP Warning:  unlink(/var/www/html/sharma/system/storage/cache/cache.catalog.language.1545991967): Operation not permitted in /var/www/html/sharma/system/library/cache/file.php on line 17
2019-07-05 2:39:43 - PHP Warning:  unlink(/var/www/html/sharma/system/storage/cache/cache.cmsblock.1.1545988971): Operation not permitted in /var/www/html/sharma/system/library/cache/file.php on line 17
2019-07-05 2:39:43 - PHP Warning:  unlink(/var/www/html/sharma/system/storage/cache/cache.cmsblock.13.1545991908): Operation not permitted in /var/www/html/sharma/system/library/cache/file.php on line 17
2019-07-05 2:39:43 - PHP Warning:  unlink(/var/www/html/sharma/system/storage/cache/cache.currency.1545991962): Operation not permitted in /var/www/html/sharma/system/library/cache/file.php on line 17
2019-07-05 2:39:43 - PHP Warning:  unlink(/var/www/html/sharma/system/storage/cache/cache.manufacturer.0.1545989706): Operation not permitted in /var/www/html/sharma/system/library/cache/file.php on line 17
2019-07-05 2:39:43 - PHP Warning:  unlink(/var/www/html/sharma/system/storage/cache/cache.product.bestseller.1.0.1.12.1545991902): Operation not permitted in /var/www/html/sharma/system/library/cache/file.php on line 17
2019-07-05 2:39:43 - PHP Warning:  unlink(/var/www/html/sharma/system/storage/cache/cache.product.bestseller.13.0.1.12.1545991909): Operation not permitted in /var/www/html/sharma/system/library/cache/file.php on line 17
2019-07-05 2:39:43 - PHP Warning:  unlink(/var/www/html/sharma/system/storage/cache/cache.return_reason.1.1545989324): Operation not permitted in /var/www/html/sharma/system/library/cache/file.php on line 17
2019-07-05 2:39:43 - PHP Warning:  unlink(/var/www/html/sharma/system/storage/cache/cache.store.1545988872): Operation not permitted in /var/www/html/sharma/system/library/cache/file.php on line 17
2019-07-05 2:39:43 - PHP Warning:  unlink(/var/www/html/sharma/system/storage/cache/cache.tax_class.1545990335): Operation not permitted in /var/www/html/sharma/system/library/cache/file.php on line 17
2019-07-05 2:43:18 - PHP Warning:  unlink(/var/www/html/sharma/system/storage/cache/cache.admin.language.1545991256): Operation not permitted in /var/www/html/sharma/system/library/cache/file.php on line 17
2019-07-05 2:43:18 - PHP Warning:  unlink(/var/www/html/sharma/system/storage/cache/cache.catalog.language.1545991967): Operation not permitted in /var/www/html/sharma/system/library/cache/file.php on line 17
2019-07-05 2:43:18 - PHP Warning:  unlink(/var/www/html/sharma/system/storage/cache/cache.cmsblock.1.1545988971): Operation not permitted in /var/www/html/sharma/system/library/cache/file.php on line 17
2019-07-05 2:43:18 - PHP Warning:  unlink(/var/www/html/sharma/system/storage/cache/cache.cmsblock.13.1545991908): Operation not permitted in /var/www/html/sharma/system/library/cache/file.php on line 17
2019-07-05 2:43:18 - PHP Warning:  unlink(/var/www/html/sharma/system/storage/cache/cache.currency.1545991962): Operation not permitted in /var/www/html/sharma/system/library/cache/file.php on line 17
2019-07-05 2:43:18 - PHP Warning:  unlink(/var/www/html/sharma/system/storage/cache/cache.manufacturer.0.1545989706): Operation not permitted in /var/www/html/sharma/system/library/cache/file.php on line 17
2019-07-05 2:43:18 - PHP Warning:  unlink(/var/www/html/sharma/system/storage/cache/cache.product.bestseller.1.0.1.12.1545991902): Operation not permitted in /var/www/html/sharma/system/library/cache/file.php on line 17
2019-07-05 2:43:18 - PHP Warning:  unlink(/var/www/html/sharma/system/storage/cache/cache.product.bestseller.13.0.1.12.1545991909): Operation not permitted in /var/www/html/sharma/system/library/cache/file.php on line 17
2019-07-05 2:43:18 - PHP Warning:  unlink(/var/www/html/sharma/system/storage/cache/cache.return_reason.1.1545989324): Operation not permitted in /var/www/html/sharma/system/library/cache/file.php on line 17
2019-07-05 2:43:18 - PHP Warning:  unlink(/var/www/html/sharma/system/storage/cache/cache.store.1545988872): Operation not permitted in /var/www/html/sharma/system/library/cache/file.php on line 17
2019-07-05 2:43:18 - PHP Warning:  unlink(/var/www/html/sharma/system/storage/cache/cache.tax_class.1545990335): Operation not permitted in /var/www/html/sharma/system/library/cache/file.php on line 17
2019-07-05 2:59:11 - PHP Warning:  unlink(/var/www/html/sharma/system/storage/cache/cache.admin.language.1545991256): Operation not permitted in /var/www/html/sharma/system/library/cache/file.php on line 17
2019-07-05 2:59:11 - PHP Warning:  unlink(/var/www/html/sharma/system/storage/cache/cache.catalog.language.1545991967): Operation not permitted in /var/www/html/sharma/system/library/cache/file.php on line 17
2019-07-05 2:59:11 - PHP Warning:  unlink(/var/www/html/sharma/system/storage/cache/cache.cmsblock.1.1545988971): Operation not permitted in /var/www/html/sharma/system/library/cache/file.php on line 17
2019-07-05 2:59:11 - PHP Warning:  unlink(/var/www/html/sharma/system/storage/cache/cache.cmsblock.13.1545991908): Operation not permitted in /var/www/html/sharma/system/library/cache/file.php on line 17
2019-07-05 2:59:11 - PHP Warning:  unlink(/var/www/html/sharma/system/storage/cache/cache.currency.1545991962): Operation not permitted in /var/www/html/sharma/system/library/cache/file.php on line 17
2019-07-05 2:59:11 - PHP Warning:  unlink(/var/www/html/sharma/system/storage/cache/cache.manufacturer.0.1545989706): Operation not permitted in /var/www/html/sharma/system/library/cache/file.php on line 17
2019-07-05 2:59:11 - PHP Warning:  unlink(/var/www/html/sharma/system/storage/cache/cache.product.bestseller.1.0.1.12.1545991902): Operation not permitted in /var/www/html/sharma/system/library/cache/file.php on line 17
2019-07-05 2:59:11 - PHP Warning:  unlink(/var/www/html/sharma/system/storage/cache/cache.product.bestseller.13.0.1.12.1545991909): Operation not permitted in /var/www/html/sharma/system/library/cache/file.php on line 17
2019-07-05 2:59:11 - PHP Warning:  unlink(/var/www/html/sharma/system/storage/cache/cache.return_reason.1.1545989324): Operation not permitted in /var/www/html/sharma/system/library/cache/file.php on line 17
2019-07-05 2:59:11 - PHP Warning:  unlink(/var/www/html/sharma/system/storage/cache/cache.store.1545988872): Operation not permitted in /var/www/html/sharma/system/library/cache/file.php on line 17
2019-07-05 2:59:11 - PHP Warning:  unlink(/var/www/html/sharma/system/storage/cache/cache.tax_class.1545990335): Operation not permitted in /var/www/html/sharma/system/library/cache/file.php on line 17
